/*C22*/SET SCHEMA PUBLIC
drop table note if exists
drop table user if exists
create table note (id bigint generated by default as identity (start with 1), text varchar(255), user_id bigint, primary key (id))
create table user (id bigint generated by default as identity (start with 1), password varchar(255), username varchar(255), primary key (id))
alter table note add constraint FK_7strs0d8haoaf5fswi40yh5j7 foreign key (user_id) references user
INSERT INTO USER VALUES(1,'111','vladson')
COMMIT
INSERT INTO NOTE VALUES(1,'test note',1)
COMMIT
INSERT INTO USER VALUES(2,'222','vu')
COMMIT
INSERT INTO NOTE VALUES(2,'note2',2)
COMMIT
alter table note drop constraint FK_7strs0d8haoaf5fswi40yh5j7
drop table note if exists
drop table user if exists
DISCONNECT
/*C21*/SET SCHEMA PUBLIC
DISCONNECT
/*C20*/SET SCHEMA PUBLIC
DISCONNECT
/*C19*/SET SCHEMA PUBLIC
DISCONNECT
/*C18*/SET SCHEMA PUBLIC
DISCONNECT
/*C17*/SET SCHEMA PUBLIC
DISCONNECT
/*C16*/SET SCHEMA PUBLIC
DISCONNECT
/*C15*/SET SCHEMA PUBLIC
DISCONNECT
/*C14*/SET SCHEMA PUBLIC
DISCONNECT
/*C13*/SET SCHEMA PUBLIC
DISCONNECT
